  graph.cpp
  源.cpp
C:\Users\shi'shao'pu\source\repos\graphds\graphds\源.cpp(47,26): warning C4244: “参数”: 从“_Rep”转换到“_Ty”，可能丢失数据
          with
          [
              _Rep=__int64
          ]
          and
          [
              _Ty=double
          ]
C:\Users\shi'shao'pu\source\repos\graphds\graphds\源.cpp(48,26): warning C4244: “参数”: 从“_Rep”转换到“_Ty”，可能丢失数据
          with
          [
              _Rep=__int64
          ]
          and
          [
              _Ty=double
          ]
E:\vcpkg\installed\x64-windows\include\matplotlibcpp.h(1482,48): warning C4244: “=”: 从“size_t”转换到“_Ty”，可能丢失数据
          with
          [
              _Ty=double
          ]
E:\vcpkg\installed\x64-windows\include\matplotlibcpp.h(2446): message : 查看对正在编译的函数 模板 实例化“bool matplotlibcpp::plot<double>(const std::vector<double,std::allocator<double>> &,const std::string &)”的引用
E:\vcpkg\installed\x64-windows\include\matplotlibcpp.h(1480,1): warning C4267: “=”: 从“size_t”转换到“_Ty”，可能丢失数据
          with
          [
              _Ty=int
          ]
C:\Users\shi'shao'pu\source\repos\graphds\graphds\源.cpp(69): message : 查看对正在编译的函数 模板 实例化“bool matplotlibcpp::plot<int>(const std::vector<int,std::allocator<int>> &,const std::string &)”的引用
  正在生成代码...
  graphds.vcxproj -> C:\Users\shi'shao'pu\source\repos\graphds\x64\Debug\graphds.exe
